<?xml version="1.0" encoding="UTF-8"?>
<!-- Generated by org.testng.reporters.JUnitXMLReporter -->
<testsuite ignored="2" hostname="DESKTOP-HAKIM" failures="0" tests="4" name="Smoke" time="24.641" errors="0" timestamp="2022-11-15T02:26:13 EET">
  <testcase classname="tests.RegistrationTests" name="RegistrationSuccessfully" time="3.604"/>
  <testcase classname="tests.LoginPageTests" name="VerifyFailedLoginUsingWrongEmail" time="1.091"/>
  <testcase classname="tests.LoginPageTests" name="VerifyFailedLoginUsingWrongPassword" time="0.912"/>
  <testcase classname="tests.LoginPageTests" name="VerifyLoginSuccessfully" time="1.211"/>
  <testcase classname="pages.TestBase" name="@AfterTest teardown" time="0.0">
    <ignored/>
  </testcase> <!-- @AfterTest teardown -->
  <testcase classname="pages.TestBase" name="@BeforeTest setupClass" time="0.0">
    <ignored/>
  </testcase> <!-- @BeforeTest setupClass -->
</testsuite> <!-- Smoke -->
