<?xml version="1.0" encoding="UTF-8"?>
<!-- Generated by org.testng.reporters.JUnitXMLReporter -->
<testsuite ignored="0" hostname="DESKTOP-HAKIM" failures="1" tests="1" name="Smoke" time="0.041" errors="0" timestamp="2022-11-06T23:17:24 EET">
  <testcase classname="tests.LoginPageTests" name="LoginSuccessfully" time="0.012">
    <failure type="java.lang.NullPointerException" message="Cannot invoke &amp;quot;base.DriverActions.clickOn(org.openqa.selenium.By)&amp;quot; because &amp;quot;pages.HomePage.driverActions&amp;quot; is null">
      <![CDATA[java.lang.NullPointerException: Cannot invoke "base.DriverActions.clickOn(org.openqa.selenium.By)" because "pages.HomePage.driverActions" is null
at pages.HomePage.SelectMenu(HomePage.java:12)
at pages.HomePage.EnterToLogin(HomePage.java:16)
at tests.LoginPageTests.LoginSuccessfully(LoginPageTests.java:14)
at java.base/java.util.ArrayList.forEach(ArrayList.java:1511)
... Removed 27 stack frames]]>
    </failure>
  </testcase> <!-- LoginSuccessfully -->
</testsuite> <!-- Smoke -->
