<?xml version="1.0" encoding="UTF-8"?>
<testng-results ignored="2" total="6" passed="4" failed="0" skipped="0">
  <reporter-output>
  </reporter-output>
  <suite started-at="2022-11-15T02:25:48 EET" name="Suite" finished-at="2022-11-15T02:26:13 EET" duration-ms="24641">
    <groups>
      <group name="Registration">
        <method signature="RegistrationTests.RegistrationSuccessfully()[pri:0, instance:tests.RegistrationTests@71ba6d4e]" name="RegistrationSuccessfully" class="tests.RegistrationTests"/>
      </group> <!-- Registration -->
    </groups>
    <test started-at="2022-11-15T02:25:48 EET" name="Smoke" finished-at="2022-11-15T02:26:13 EET" duration-ms="24641">
      <class name="tests.RegistrationTests">
        <test-method is-config="true" signature="setupClass()[pri:0, instance:tests.RegistrationTests@71ba6d4e]" started-at="2022-11-15T02:25:48 EET" name="setupClass" finished-at="2022-11-15T02:26:06 EET" duration-ms="17779" status="PASS">
          <reporter-output>
          </reporter-output>
        </test-method> <!-- setupClass -->
        <test-method signature="RegistrationSuccessfully()[pri:0, instance:tests.RegistrationTests@71ba6d4e]" started-at="2022-11-15T02:26:06 EET" name="RegistrationSuccessfully" finished-at="2022-11-15T02:26:10 EET" duration-ms="3604" status="PASS">
          <reporter-output>
          </reporter-output>
        </test-method> <!-- RegistrationSuccessfully -->
        <test-method is-config="true" signature="teardown()[pri:0, instance:tests.RegistrationTests@71ba6d4e]" started-at="2022-11-15T02:26:13 EET" name="teardown" finished-at="2022-11-15T02:26:13 EET" duration-ms="1" status="PASS">
          <reporter-output>
          </reporter-output>
        </test-method> <!-- teardown -->
      </class> <!-- tests.RegistrationTests -->
      <class name="tests.LoginPageTests">
        <test-method signature="VerifyFailedLoginUsingWrongEmail()[pri:0, instance:tests.LoginPageTests@2e385cce]" started-at="2022-11-15T02:26:10 EET" name="VerifyFailedLoginUsingWrongEmail" finished-at="2022-11-15T02:26:11 EET" duration-ms="1091" status="PASS">
          <reporter-output>
          </reporter-output>
        </test-method> <!-- VerifyFailedLoginUsingWrongEmail -->
        <test-method signature="VerifyFailedLoginUsingWrongPassword()[pri:0, instance:tests.LoginPageTests@2e385cce]" started-at="2022-11-15T02:26:11 EET" name="VerifyFailedLoginUsingWrongPassword" finished-at="2022-11-15T02:26:12 EET" duration-ms="912" status="PASS">
          <reporter-output>
          </reporter-output>
        </test-method> <!-- VerifyFailedLoginUsingWrongPassword -->
        <test-method signature="VerifyLoginSuccessfully()[pri:0, instance:tests.LoginPageTests@2e385cce]" started-at="2022-11-15T02:26:12 EET" name="VerifyLoginSuccessfully" depends-on-groups="Registration" finished-at="2022-11-15T02:26:13 EET" duration-ms="1211" status="PASS">
          <reporter-output>
          </reporter-output>
        </test-method> <!-- VerifyLoginSuccessfully -->
      </class> <!-- tests.LoginPageTests -->
    </test> <!-- Smoke -->
  </suite> <!-- Suite -->
</testng-results>
